{"/home/janderson/Documentos/jogoDeTabuleiro/server/middlewares/auth-middlewares.js": {"path":"/home/janderson/Documentos/jogoDeTabuleiro/server/middlewares/auth-middlewares.js","statementMap":{"0":{"start":{"line":1,"column":17},"end":{"line":1,"column":36}},"1":{"start":{"line":2,"column":12},"end":{"line":2,"column":35}},"2":{"start":{"line":5,"column":2},"end":{"line":39,"column":20}},"3":{"start":{"line":8,"column":6},"end":{"line":37,"column":7}},"4":{"start":{"line":9,"column":8},"end":{"line":11,"column":9}},"5":{"start":{"line":10,"column":10},"end":{"line":10,"column":27}},"6":{"start":{"line":13,"column":8},"end":{"line":34,"column":10}},"7":{"start":{"line":17,"column":12},"end":{"line":17,"column":35}},"8":{"start":{"line":17,"column":23},"end":{"line":17,"column":35}},"9":{"start":{"line":19,"column":25},"end":{"line":22,"column":13}},"10":{"start":{"line":24,"column":26},"end":{"line":25,"column":54}},"11":{"start":{"line":27,"column":12},"end":{"line":30,"column":15}},"12":{"start":{"line":32,"column":12},"end":{"line":32,"column":34}},"13":{"start":{"line":36,"column":8},"end":{"line":36,"column":20}},"14":{"start":{"line":43,"column":2},"end":{"line":56,"column":21}},"15":{"start":{"line":44,"column":4},"end":{"line":46,"column":5}},"16":{"start":{"line":45,"column":6},"end":{"line":45,"column":23}},"17":{"start":{"line":48,"column":4},"end":{"line":51,"column":5}},"18":{"start":{"line":49,"column":6},"end":{"line":50,"column":61}},"19":{"start":{"line":53,"column":4},"end":{"line":53,"column":20}},"20":{"start":{"line":55,"column":4},"end":{"line":55,"column":11}},"21":{"start":{"line":60,"column":2},"end":{"line":68,"column":4}},"22":{"start":{"line":61,"column":4},"end":{"line":67,"column":5}},"23":{"start":{"line":62,"column":6},"end":{"line":66,"column":7}},"24":{"start":{"line":63,"column":8},"end":{"line":63,"column":15}},"25":{"start":{"line":65,"column":8},"end":{"line":65,"column":75}},"26":{"start":{"line":72,"column":16},"end":{"line":72,"column":34}},"27":{"start":{"line":73,"column":2},"end":{"line":79,"column":3}},"28":{"start":{"line":74,"column":4},"end":{"line":78,"column":7}},"29":{"start":{"line":75,"column":6},"end":{"line":77,"column":7}},"30":{"start":{"line":76,"column":8},"end":{"line":76,"column":64}},"31":{"start":{"line":81,"column":2},"end":{"line":81,"column":9}},"32":{"start":{"line":85,"column":0},"end":{"line":90,"column":2}}},"fnMap":{"0":{"name":"loginMiddleware","decl":{"start":{"line":4,"column":9},"end":{"line":4,"column":24}},"loc":{"start":{"line":4,"column":41},"end":{"line":40,"column":1}},"line":4},"1":{"name":"(anonymous_1)","decl":{"start":{"line":7,"column":4},"end":{"line":7,"column":5}},"loc":{"start":{"line":7,"column":25},"end":{"line":38,"column":5}},"line":7},"2":{"name":"(anonymous_2)","decl":{"start":{"line":16,"column":10},"end":{"line":16,"column":11}},"loc":{"start":{"line":16,"column":21},"end":{"line":33,"column":11}},"line":16},"3":{"name":"jwtMiddleware","decl":{"start":{"line":42,"column":9},"end":{"line":42,"column":22}},"loc":{"start":{"line":42,"column":39},"end":{"line":57,"column":1}},"line":42},"4":{"name":"(anonymous_4)","decl":{"start":{"line":43,"column":49},"end":{"line":43,"column":50}},"loc":{"start":{"line":43,"column":70},"end":{"line":56,"column":3}},"line":43},"5":{"name":"checkRole","decl":{"start":{"line":59,"column":9},"end":{"line":59,"column":18}},"loc":{"start":{"line":59,"column":25},"end":{"line":69,"column":1}},"line":59},"6":{"name":"(anonymous_6)","decl":{"start":{"line":60,"column":9},"end":{"line":60,"column":10}},"loc":{"start":{"line":60,"column":29},"end":{"line":68,"column":3}},"line":60},"7":{"name":"notLoggedIn","decl":{"start":{"line":71,"column":9},"end":{"line":71,"column":20}},"loc":{"start":{"line":71,"column":37},"end":{"line":82,"column":1}},"line":71},"8":{"name":"(anonymous_8)","decl":{"start":{"line":74,"column":46},"end":{"line":74,"column":47}},"loc":{"start":{"line":74,"column":64},"end":{"line":78,"column":5}},"line":74}},"branchMap":{"0":{"loc":{"start":{"line":9,"column":8},"end":{"line":11,"column":9}},"type":"if","locations":[{"start":{"line":9,"column":8},"end":{"line":11,"column":9}},{"start":{},"end":{}}],"line":9},"1":{"loc":{"start":{"line":17,"column":12},"end":{"line":17,"column":35}},"type":"if","locations":[{"start":{"line":17,"column":12},"end":{"line":17,"column":35}},{"start":{},"end":{}}],"line":17},"2":{"loc":{"start":{"line":44,"column":4},"end":{"line":46,"column":5}},"type":"if","locations":[{"start":{"line":44,"column":4},"end":{"line":46,"column":5}},{"start":{},"end":{}}],"line":44},"3":{"loc":{"start":{"line":48,"column":4},"end":{"line":51,"column":5}},"type":"if","locations":[{"start":{"line":48,"column":4},"end":{"line":51,"column":5}},{"start":{},"end":{}}],"line":48},"4":{"loc":{"start":{"line":61,"column":4},"end":{"line":67,"column":5}},"type":"if","locations":[{"start":{"line":61,"column":4},"end":{"line":67,"column":5}},{"start":{},"end":{}}],"line":61},"5":{"loc":{"start":{"line":62,"column":6},"end":{"line":66,"column":7}},"type":"if","locations":[{"start":{"line":62,"column":6},"end":{"line":66,"column":7}},{"start":{"line":64,"column":13},"end":{"line":66,"column":7}}],"line":62},"6":{"loc":{"start":{"line":73,"column":2},"end":{"line":79,"column":3}},"type":"if","locations":[{"start":{"line":73,"column":2},"end":{"line":79,"column":3}},{"start":{},"end":{}}],"line":73},"7":{"loc":{"start":{"line":75,"column":6},"end":{"line":77,"column":7}},"type":"if","locations":[{"start":{"line":75,"column":6},"end":{"line":77,"column":7}},{"start":{},"end":{}}],"line":75}},"s":{"0":1,"1":1,"2":1,"3":1,"4":1,"5":1,"6":0,"7":0,"8":0,"9":0,"10":0,"11":0,"12":0,"13":0,"14":2,"15":2,"16":0,"17":2,"18":1,"19":1,"20":1,"21":2,"22":2,"23":2,"24":1,"25":1,"26":2,"27":2,"28":1,"29":1,"30":1,"31":2,"32":1},"f":{"0":1,"1":1,"2":0,"3":2,"4":2,"5":2,"6":2,"7":2,"8":1},"b":{"0":[1,0],"1":[0,0],"2":[0,2],"3":[1,1],"4":[2,0],"5":[1,1],"6":[1,1],"7":[1,0]},"_coverageSchema":"1a1c01bbd47fc00a2c39e90264f33305004495a9","hash":"7ccd155d5c2b08753758469c8923195802103567"}
}
