{"/home/janderson/Documentos/TesteDeSoftware/server/database/index.js": {"path":"/home/janderson/Documentos/TesteDeSoftware/server/database/index.js","statementMap":{"0":{"start":{"line":1,"column":22},"end":{"line":1,"column":42}},"1":{"start":{"line":3,"column":18},"end":{"line":7,"column":2}},"2":{"start":{"line":9,"column":0},"end":{"line":9,"column":27}}},"fnMap":{},"branchMap":{},"s":{"0":1,"1":1,"2":1},"f":{},"b":{},"_coverageSchema":"1a1c01bbd47fc00a2c39e90264f33305004495a9","hash":"4cda85390312a69c0d53f5e7e7402a1455803086"}
,"/home/janderson/Documentos/TesteDeSoftware/server/entidades/matchs/model/matchs.js": {"path":"/home/janderson/Documentos/TesteDeSoftware/server/entidades/matchs/model/matchs.js","statementMap":{"0":{"start":{"line":1,"column":18},"end":{"line":1,"column":46}},"1":{"start":{"line":2,"column":20},"end":{"line":2,"column":40}},"2":{"start":{"line":3,"column":15},"end":{"line":3,"column":52}},"3":{"start":{"line":5,"column":14},"end":{"line":28,"column":2}},"4":{"start":{"line":45,"column":0},"end":{"line":45,"column":23}}},"fnMap":{},"branchMap":{},"s":{"0":1,"1":1,"2":1,"3":1,"4":1},"f":{},"b":{},"_coverageSchema":"1a1c01bbd47fc00a2c39e90264f33305004495a9","hash":"489784f538273d59222de8e0e066cf15ae41c467"}
,"/home/janderson/Documentos/TesteDeSoftware/server/entidades/matchs/service/matchService.js": {"path":"/home/janderson/Documentos/TesteDeSoftware/server/entidades/matchs/service/matchService.js","statementMap":{"0":{"start":{"line":1,"column":14},"end":{"line":1,"column":40}},"1":{"start":{"line":2,"column":24},"end":{"line":2,"column":66}},"2":{"start":{"line":3,"column":19},"end":{"line":3,"column":56}},"3":{"start":{"line":7,"column":19},"end":{"line":7,"column":40}},"4":{"start":{"line":8,"column":4},"end":{"line":8,"column":18}},"5":{"start":{"line":12,"column":19},"end":{"line":12,"column":51}},"6":{"start":{"line":13,"column":4},"end":{"line":13,"column":18}},"7":{"start":{"line":17,"column":4},"end":{"line":17,"column":30}},"8":{"start":{"line":21,"column":18},"end":{"line":23,"column":6}},"9":{"start":{"line":26,"column":4},"end":{"line":28,"column":5}},"10":{"start":{"line":27,"column":6},"end":{"line":27,"column":74}},"11":{"start":{"line":30,"column":4},"end":{"line":30,"column":17}},"12":{"start":{"line":34,"column":18},"end":{"line":34,"column":42}},"13":{"start":{"line":35,"column":4},"end":{"line":37,"column":5}},"14":{"start":{"line":36,"column":6},"end":{"line":36,"column":71}},"15":{"start":{"line":39,"column":20},"end":{"line":39,"column":43}},"16":{"start":{"line":40,"column":25},"end":{"line":40,"column":51}},"17":{"start":{"line":42,"column":4},"end":{"line":46,"column":5}},"18":{"start":{"line":43,"column":6},"end":{"line":45,"column":8}},"19":{"start":{"line":48,"column":4},"end":{"line":48,"column":29}},"20":{"start":{"line":52,"column":18},"end":{"line":52,"column":42}},"21":{"start":{"line":53,"column":4},"end":{"line":55,"column":5}},"22":{"start":{"line":54,"column":6},"end":{"line":54,"column":71}},"23":{"start":{"line":57,"column":20},"end":{"line":57,"column":43}},"24":{"start":{"line":58,"column":25},"end":{"line":58,"column":50}},"25":{"start":{"line":60,"column":4},"end":{"line":64,"column":5}},"26":{"start":{"line":61,"column":6},"end":{"line":63,"column":8}},"27":{"start":{"line":66,"column":4},"end":{"line":66,"column":26}},"28":{"start":{"line":70,"column":0},"end":{"line":70,"column":34}}},"fnMap":{"0":{"name":"(anonymous_0)","decl":{"start":{"line":6,"column":2},"end":{"line":6,"column":3}},"loc":{"start":{"line":6,"column":23},"end":{"line":9,"column":3}},"line":6},"1":{"name":"(anonymous_1)","decl":{"start":{"line":11,"column":2},"end":{"line":11,"column":3}},"loc":{"start":{"line":11,"column":16},"end":{"line":14,"column":3}},"line":11},"2":{"name":"(anonymous_2)","decl":{"start":{"line":16,"column":2},"end":{"line":16,"column":3}},"loc":{"start":{"line":16,"column":27},"end":{"line":18,"column":3}},"line":16},"3":{"name":"(anonymous_3)","decl":{"start":{"line":20,"column":2},"end":{"line":20,"column":3}},"loc":{"start":{"line":20,"column":25},"end":{"line":31,"column":3}},"line":20},"4":{"name":"(anonymous_4)","decl":{"start":{"line":33,"column":2},"end":{"line":33,"column":3}},"loc":{"start":{"line":33,"column":58},"end":{"line":49,"column":3}},"line":33},"5":{"name":"(anonymous_5)","decl":{"start":{"line":51,"column":2},"end":{"line":51,"column":3}},"loc":{"start":{"line":51,"column":48},"end":{"line":67,"column":3}},"line":51}},"branchMap":{"0":{"loc":{"start":{"line":26,"column":4},"end":{"line":28,"column":5}},"type":"if","locations":[{"start":{"line":26,"column":4},"end":{"line":28,"column":5}},{"start":{},"end":{}}],"line":26},"1":{"loc":{"start":{"line":35,"column":4},"end":{"line":37,"column":5}},"type":"if","locations":[{"start":{"line":35,"column":4},"end":{"line":37,"column":5}},{"start":{},"end":{}}],"line":35},"2":{"loc":{"start":{"line":42,"column":4},"end":{"line":46,"column":5}},"type":"if","locations":[{"start":{"line":42,"column":4},"end":{"line":46,"column":5}},{"start":{},"end":{}}],"line":42},"3":{"loc":{"start":{"line":42,"column":8},"end":{"line":42,"column":33}},"type":"binary-expr","locations":[{"start":{"line":42,"column":8},"end":{"line":42,"column":16}},{"start":{"line":42,"column":20},"end":{"line":42,"column":33}}],"line":42},"4":{"loc":{"start":{"line":53,"column":4},"end":{"line":55,"column":5}},"type":"if","locations":[{"start":{"line":53,"column":4},"end":{"line":55,"column":5}},{"start":{},"end":{}}],"line":53},"5":{"loc":{"start":{"line":60,"column":4},"end":{"line":64,"column":5}},"type":"if","locations":[{"start":{"line":60,"column":4},"end":{"line":64,"column":5}},{"start":{},"end":{}}],"line":60},"6":{"loc":{"start":{"line":60,"column":8},"end":{"line":60,"column":33}},"type":"binary-expr","locations":[{"start":{"line":60,"column":8},"end":{"line":60,"column":16}},{"start":{"line":60,"column":20},"end":{"line":60,"column":33}}],"line":60}},"s":{"0":1,"1":1,"2":1,"3":1,"4":1,"5":1,"6":1,"7":1,"8":1,"9":1,"10":0,"11":1,"12":2,"13":2,"14":0,"15":2,"16":2,"17":2,"18":0,"19":2,"20":2,"21":2,"22":0,"23":2,"24":2,"25":2,"26":0,"27":2,"28":1},"f":{"0":1,"1":1,"2":1,"3":1,"4":2,"5":2},"b":{"0":[0,1],"1":[0,2],"2":[0,2],"3":[2,1],"4":[0,2],"5":[0,2],"6":[2,1]},"_coverageSchema":"1a1c01bbd47fc00a2c39e90264f33305004495a9","hash":"b8559cd521a5add18d64b8a5747a373d709e6fac"}
,"/home/janderson/Documentos/TesteDeSoftware/server/entidades/rodadas/model/Rodada.js": {"path":"/home/janderson/Documentos/TesteDeSoftware/server/entidades/rodadas/model/Rodada.js","statementMap":{"0":{"start":{"line":1,"column":18},"end":{"line":1,"column":46}},"1":{"start":{"line":2,"column":20},"end":{"line":2,"column":40}},"2":{"start":{"line":4,"column":15},"end":{"line":48,"column":2}},"3":{"start":{"line":50,"column":0},"end":{"line":50,"column":24}}},"fnMap":{},"branchMap":{},"s":{"0":1,"1":1,"2":1,"3":1},"f":{},"b":{},"_coverageSchema":"1a1c01bbd47fc00a2c39e90264f33305004495a9","hash":"f789f0f0a8159d5c48bc8e0ab43c4a57e7925c99"}
,"/home/janderson/Documentos/TesteDeSoftware/server/errors/AuthorizationError.js": {"path":"/home/janderson/Documentos/TesteDeSoftware/server/errors/AuthorizationError.js","statementMap":{"0":{"start":{"line":3,"column":4},"end":{"line":3,"column":16}},"1":{"start":{"line":4,"column":4},"end":{"line":4,"column":28}},"2":{"start":{"line":8,"column":0},"end":{"line":8,"column":36}}},"fnMap":{"0":{"name":"(anonymous_0)","decl":{"start":{"line":2,"column":2},"end":{"line":2,"column":3}},"loc":{"start":{"line":2,"column":19},"end":{"line":5,"column":3}},"line":2}},"branchMap":{},"s":{"0":0,"1":0,"2":1},"f":{"0":0},"b":{},"_coverageSchema":"1a1c01bbd47fc00a2c39e90264f33305004495a9","hash":"1999f1afb9de638be6dfd92c059684d5b32e1f9a"}
,"/home/janderson/Documentos/TesteDeSoftware/server/errors/PermissionError.js": {"path":"/home/janderson/Documentos/TesteDeSoftware/server/errors/PermissionError.js","statementMap":{"0":{"start":{"line":1,"column":27},"end":{"line":1,"column":58}},"1":{"start":{"line":5,"column":4},"end":{"line":5,"column":15}},"2":{"start":{"line":6,"column":4},"end":{"line":6,"column":34}},"3":{"start":{"line":10,"column":0},"end":{"line":10,"column":33}}},"fnMap":{"0":{"name":"(anonymous_0)","decl":{"start":{"line":4,"column":2},"end":{"line":4,"column":3}},"loc":{"start":{"line":4,"column":19},"end":{"line":7,"column":3}},"line":4}},"branchMap":{},"s":{"0":1,"1":0,"2":0,"3":1},"f":{"0":0},"b":{},"_coverageSchema":"1a1c01bbd47fc00a2c39e90264f33305004495a9","hash":"fd1e00510ab27c107959dbd93dd4f020371d5082"}
,"/home/janderson/Documentos/TesteDeSoftware/server/errors/QueryError.js": {"path":"/home/janderson/Documentos/TesteDeSoftware/server/errors/QueryError.js","statementMap":{"0":{"start":{"line":3,"column":4},"end":{"line":3,"column":15}},"1":{"start":{"line":4,"column":4},"end":{"line":4,"column":29}},"2":{"start":{"line":8,"column":0},"end":{"line":8,"column":28}}},"fnMap":{"0":{"name":"(anonymous_0)","decl":{"start":{"line":2,"column":2},"end":{"line":2,"column":3}},"loc":{"start":{"line":2,"column":19},"end":{"line":5,"column":3}},"line":2}},"branchMap":{},"s":{"0":0,"1":0,"2":1},"f":{"0":0},"b":{},"_coverageSchema":"1a1c01bbd47fc00a2c39e90264f33305004495a9","hash":"bdc360f1b9bb779044d6b9d29aa448f016b7031f"}
,"/home/janderson/Documentos/TesteDeSoftware/server/middlewares/auth-middlewares.js": {"path":"/home/janderson/Documentos/TesteDeSoftware/server/middlewares/auth-middlewares.js","statementMap":{"0":{"start":{"line":1,"column":17},"end":{"line":1,"column":36}},"1":{"start":{"line":2,"column":12},"end":{"line":2,"column":35}},"2":{"start":{"line":5,"column":2},"end":{"line":39,"column":20}},"3":{"start":{"line":8,"column":6},"end":{"line":37,"column":7}},"4":{"start":{"line":9,"column":8},"end":{"line":11,"column":9}},"5":{"start":{"line":10,"column":10},"end":{"line":10,"column":27}},"6":{"start":{"line":13,"column":8},"end":{"line":34,"column":10}},"7":{"start":{"line":17,"column":12},"end":{"line":17,"column":35}},"8":{"start":{"line":17,"column":23},"end":{"line":17,"column":35}},"9":{"start":{"line":19,"column":25},"end":{"line":22,"column":13}},"10":{"start":{"line":24,"column":26},"end":{"line":25,"column":54}},"11":{"start":{"line":27,"column":12},"end":{"line":30,"column":15}},"12":{"start":{"line":32,"column":12},"end":{"line":32,"column":34}},"13":{"start":{"line":36,"column":8},"end":{"line":36,"column":20}},"14":{"start":{"line":43,"column":2},"end":{"line":56,"column":21}},"15":{"start":{"line":44,"column":4},"end":{"line":46,"column":5}},"16":{"start":{"line":45,"column":6},"end":{"line":45,"column":23}},"17":{"start":{"line":48,"column":4},"end":{"line":51,"column":5}},"18":{"start":{"line":49,"column":6},"end":{"line":50,"column":61}},"19":{"start":{"line":53,"column":4},"end":{"line":53,"column":20}},"20":{"start":{"line":55,"column":4},"end":{"line":55,"column":11}},"21":{"start":{"line":60,"column":2},"end":{"line":68,"column":4}},"22":{"start":{"line":61,"column":4},"end":{"line":67,"column":5}},"23":{"start":{"line":62,"column":6},"end":{"line":66,"column":7}},"24":{"start":{"line":63,"column":8},"end":{"line":63,"column":15}},"25":{"start":{"line":65,"column":8},"end":{"line":65,"column":75}},"26":{"start":{"line":72,"column":16},"end":{"line":72,"column":34}},"27":{"start":{"line":73,"column":2},"end":{"line":79,"column":3}},"28":{"start":{"line":74,"column":4},"end":{"line":78,"column":7}},"29":{"start":{"line":75,"column":6},"end":{"line":77,"column":7}},"30":{"start":{"line":76,"column":8},"end":{"line":76,"column":64}},"31":{"start":{"line":81,"column":2},"end":{"line":81,"column":9}},"32":{"start":{"line":85,"column":0},"end":{"line":90,"column":2}}},"fnMap":{"0":{"name":"loginMiddleware","decl":{"start":{"line":4,"column":9},"end":{"line":4,"column":24}},"loc":{"start":{"line":4,"column":41},"end":{"line":40,"column":1}},"line":4},"1":{"name":"(anonymous_1)","decl":{"start":{"line":7,"column":4},"end":{"line":7,"column":5}},"loc":{"start":{"line":7,"column":25},"end":{"line":38,"column":5}},"line":7},"2":{"name":"(anonymous_2)","decl":{"start":{"line":16,"column":10},"end":{"line":16,"column":11}},"loc":{"start":{"line":16,"column":21},"end":{"line":33,"column":11}},"line":16},"3":{"name":"jwtMiddleware","decl":{"start":{"line":42,"column":9},"end":{"line":42,"column":22}},"loc":{"start":{"line":42,"column":39},"end":{"line":57,"column":1}},"line":42},"4":{"name":"(anonymous_4)","decl":{"start":{"line":43,"column":49},"end":{"line":43,"column":50}},"loc":{"start":{"line":43,"column":70},"end":{"line":56,"column":3}},"line":43},"5":{"name":"checkRole","decl":{"start":{"line":59,"column":9},"end":{"line":59,"column":18}},"loc":{"start":{"line":59,"column":25},"end":{"line":69,"column":1}},"line":59},"6":{"name":"(anonymous_6)","decl":{"start":{"line":60,"column":9},"end":{"line":60,"column":10}},"loc":{"start":{"line":60,"column":29},"end":{"line":68,"column":3}},"line":60},"7":{"name":"notLoggedIn","decl":{"start":{"line":71,"column":9},"end":{"line":71,"column":20}},"loc":{"start":{"line":71,"column":37},"end":{"line":82,"column":1}},"line":71},"8":{"name":"(anonymous_8)","decl":{"start":{"line":74,"column":46},"end":{"line":74,"column":47}},"loc":{"start":{"line":74,"column":64},"end":{"line":78,"column":5}},"line":74}},"branchMap":{"0":{"loc":{"start":{"line":9,"column":8},"end":{"line":11,"column":9}},"type":"if","locations":[{"start":{"line":9,"column":8},"end":{"line":11,"column":9}},{"start":{},"end":{}}],"line":9},"1":{"loc":{"start":{"line":17,"column":12},"end":{"line":17,"column":35}},"type":"if","locations":[{"start":{"line":17,"column":12},"end":{"line":17,"column":35}},{"start":{},"end":{}}],"line":17},"2":{"loc":{"start":{"line":44,"column":4},"end":{"line":46,"column":5}},"type":"if","locations":[{"start":{"line":44,"column":4},"end":{"line":46,"column":5}},{"start":{},"end":{}}],"line":44},"3":{"loc":{"start":{"line":48,"column":4},"end":{"line":51,"column":5}},"type":"if","locations":[{"start":{"line":48,"column":4},"end":{"line":51,"column":5}},{"start":{},"end":{}}],"line":48},"4":{"loc":{"start":{"line":61,"column":4},"end":{"line":67,"column":5}},"type":"if","locations":[{"start":{"line":61,"column":4},"end":{"line":67,"column":5}},{"start":{},"end":{}}],"line":61},"5":{"loc":{"start":{"line":62,"column":6},"end":{"line":66,"column":7}},"type":"if","locations":[{"start":{"line":62,"column":6},"end":{"line":66,"column":7}},{"start":{"line":64,"column":13},"end":{"line":66,"column":7}}],"line":62},"6":{"loc":{"start":{"line":73,"column":2},"end":{"line":79,"column":3}},"type":"if","locations":[{"start":{"line":73,"column":2},"end":{"line":79,"column":3}},{"start":{},"end":{}}],"line":73},"7":{"loc":{"start":{"line":75,"column":6},"end":{"line":77,"column":7}},"type":"if","locations":[{"start":{"line":75,"column":6},"end":{"line":77,"column":7}},{"start":{},"end":{}}],"line":75}},"s":{"0":1,"1":1,"2":1,"3":1,"4":1,"5":1,"6":0,"7":0,"8":0,"9":0,"10":0,"11":0,"12":0,"13":0,"14":2,"15":2,"16":0,"17":2,"18":1,"19":1,"20":1,"21":2,"22":2,"23":2,"24":1,"25":1,"26":2,"27":2,"28":1,"29":1,"30":1,"31":2,"32":1},"f":{"0":1,"1":1,"2":0,"3":2,"4":2,"5":2,"6":2,"7":2,"8":1},"b":{"0":[1,0],"1":[0,0],"2":[0,2],"3":[1,1],"4":[2,0],"5":[1,1],"6":[1,1],"7":[1,0]},"_coverageSchema":"1a1c01bbd47fc00a2c39e90264f33305004495a9","hash":"ef4b7acbaa75c8f5fcf78ba78466b3ece2ac6ce8"}
,"/home/janderson/Documentos/TesteDeSoftware/server/middlewares/match-validator.js": {"path":"/home/janderson/Documentos/TesteDeSoftware/server/middlewares/match-validator.js","statementMap":{"0":{"start":{"line":1,"column":15},"end":{"line":1,"column":43}},"1":{"start":{"line":2,"column":17},"end":{"line":2,"column":38}},"2":{"start":{"line":5,"column":2},"end":{"line":33,"column":3}},"3":{"start":{"line":7,"column":4},"end":{"line":18,"column":6}},"4":{"start":{"line":22,"column":4},"end":{"line":31,"column":6}},"5":{"start":{"line":38,"column":22},"end":{"line":38,"column":44}},"6":{"start":{"line":39,"column":2},"end":{"line":39,"column":31}},"7":{"start":{"line":42,"column":0},"end":{"line":42,"column":31}}},"fnMap":{"0":{"name":"getValidations","decl":{"start":{"line":4,"column":9},"end":{"line":4,"column":23}},"loc":{"start":{"line":4,"column":32},"end":{"line":34,"column":1}},"line":4},"1":{"name":"matchValidate","decl":{"start":{"line":37,"column":9},"end":{"line":37,"column":22}},"loc":{"start":{"line":37,"column":31},"end":{"line":40,"column":1}},"line":37}},"branchMap":{"0":{"loc":{"start":{"line":5,"column":2},"end":{"line":33,"column":3}},"type":"switch","locations":[{"start":{"line":6,"column":2},"end":{"line":19,"column":4}},{"start":{"line":21,"column":2},"end":{"line":32,"column":3}}],"line":5}},"s":{"0":1,"1":1,"2":3,"3":1,"4":2,"5":3,"6":3,"7":1},"f":{"0":3,"1":3},"b":{"0":[1,2]},"_coverageSchema":"1a1c01bbd47fc00a2c39e90264f33305004495a9","hash":"09adb3a7b38c0dd95f5abc285098fc6fc63bfc16"}
,"/home/janderson/Documentos/TesteDeSoftware/server/middlewares/user-validator.js": {"path":"/home/janderson/Documentos/TesteDeSoftware/server/middlewares/user-validator.js","statementMap":{"0":{"start":{"line":1,"column":17},"end":{"line":1,"column":45}},"1":{"start":{"line":2,"column":17},"end":{"line":2,"column":38}},"2":{"start":{"line":5,"column":2},"end":{"line":74,"column":3}},"3":{"start":{"line":7,"column":6},"end":{"line":18,"column":8}},"4":{"start":{"line":22,"column":6},"end":{"line":51,"column":8}},"5":{"start":{"line":55,"column":6},"end":{"line":72,"column":8}},"6":{"start":{"line":78,"column":22},"end":{"line":78,"column":44}},"7":{"start":{"line":79,"column":2},"end":{"line":79,"column":31}},"8":{"start":{"line":81,"column":0},"end":{"line":81,"column":30}}},"fnMap":{"0":{"name":"getValidations","decl":{"start":{"line":4,"column":9},"end":{"line":4,"column":23}},"loc":{"start":{"line":4,"column":32},"end":{"line":75,"column":1}},"line":4},"1":{"name":"userValidate","decl":{"start":{"line":77,"column":9},"end":{"line":77,"column":21}},"loc":{"start":{"line":77,"column":30},"end":{"line":80,"column":1}},"line":77}},"branchMap":{"0":{"loc":{"start":{"line":5,"column":2},"end":{"line":74,"column":3}},"type":"switch","locations":[{"start":{"line":6,"column":4},"end":{"line":19,"column":5}},{"start":{"line":21,"column":4},"end":{"line":52,"column":5}},{"start":{"line":54,"column":4},"end":{"line":73,"column":5}}],"line":5}},"s":{"0":1,"1":1,"2":3,"3":1,"4":1,"5":1,"6":3,"7":3,"8":1},"f":{"0":3,"1":3},"b":{"0":[1,1,1]},"_coverageSchema":"1a1c01bbd47fc00a2c39e90264f33305004495a9","hash":"4c05d2e1cb520be0161b738a4626f7e044552625"}
}
