TN:
SF:middlewares/auth-middlewares.js
FN:4,loginMiddleware
FN:7,(anonymous_1)
FN:16,(anonymous_2)
FN:42,jwtMiddleware
FN:43,(anonymous_4)
FN:59,checkRole
FN:60,(anonymous_6)
FN:71,notLoggedIn
FN:74,(anonymous_8)
FNF:9
FNH:8
FNDA:1,loginMiddleware
FNDA:1,(anonymous_1)
FNDA:0,(anonymous_2)
FNDA:2,jwtMiddleware
FNDA:2,(anonymous_4)
FNDA:2,checkRole
FNDA:2,(anonymous_6)
FNDA:2,notLoggedIn
FNDA:1,(anonymous_8)
DA:1,1
DA:2,1
DA:5,1
DA:8,1
DA:9,1
DA:10,1
DA:13,0
DA:17,0
DA:19,0
DA:24,0
DA:27,0
DA:32,0
DA:36,0
DA:43,2
DA:44,2
DA:45,0
DA:48,2
DA:49,1
DA:53,1
DA:55,1
DA:60,2
DA:61,2
DA:62,2
DA:63,1
DA:65,1
DA:72,2
DA:73,2
DA:74,1
DA:75,1
DA:76,1
DA:81,2
DA:85,1
LF:32
LH:24
BRDA:9,0,0,1
BRDA:9,0,1,0
BRDA:17,1,0,0
BRDA:17,1,1,0
BRDA:44,2,0,0
BRDA:44,2,1,2
BRDA:48,3,0,1
BRDA:48,3,1,1
BRDA:61,4,0,2
BRDA:61,4,1,0
BRDA:62,5,0,1
BRDA:62,5,1,1
BRDA:73,6,0,1
BRDA:73,6,1,1
BRDA:75,7,0,1
BRDA:75,7,1,0
BRF:16
BRH:10
end_of_record
