TN:
SF:database/index.js
FNF:0
FNH:0
DA:1,2
DA:3,2
DA:9,2
LF:3
LH:3
BRF:0
BRH:0
end_of_record
TN:
SF:entidades/matchs/model/matchs.js
FNF:0
FNH:0
DA:1,1
DA:2,1
DA:3,1
DA:5,1
DA:45,1
LF:5
LH:5
BRF:0
BRH:0
end_of_record
TN:
SF:entidades/matchs/service/matchService.js
FN:6,(anonymous_0)
FN:11,(anonymous_1)
FN:16,(anonymous_2)
FN:20,(anonymous_3)
FN:33,(anonymous_4)
FN:51,(anonymous_5)
FNF:6
FNH:6
FNDA:1,(anonymous_0)
FNDA:1,(anonymous_1)
FNDA:1,(anonymous_2)
FNDA:2,(anonymous_3)
FNDA:3,(anonymous_4)
FNDA:3,(anonymous_5)
DA:1,1
DA:2,1
DA:3,1
DA:7,1
DA:8,1
DA:12,1
DA:13,1
DA:17,1
DA:21,2
DA:26,2
DA:27,1
DA:30,1
DA:34,3
DA:35,3
DA:36,0
DA:39,3
DA:40,3
DA:42,3
DA:43,1
DA:48,2
DA:52,3
DA:53,3
DA:54,1
DA:57,2
DA:58,2
DA:60,2
DA:61,0
DA:66,2
DA:70,1
LF:29
LH:27
BRDA:26,0,0,1
BRDA:26,0,1,1
BRDA:35,1,0,0
BRDA:35,1,1,3
BRDA:42,2,0,1
BRDA:42,2,1,2
BRDA:42,3,0,3
BRDA:42,3,1,2
BRDA:53,4,0,1
BRDA:53,4,1,2
BRDA:60,5,0,0
BRDA:60,5,1,2
BRDA:60,6,0,2
BRDA:60,6,1,1
BRF:14
BRH:12
end_of_record
TN:
SF:entidades/rodadas/model/Rodada.js
FNF:0
FNH:0
DA:1,2
DA:2,2
DA:4,2
DA:50,2
LF:4
LH:4
BRF:0
BRH:0
end_of_record
TN:
SF:entidades/rodadas/service/RodadaService.js
FN:6,(anonymous_0)
FN:11,(anonymous_1)
FN:15,(anonymous_2)
FN:25,(anonymous_3)
FNF:4
FNH:4
FNDA:1,(anonymous_0)
FNDA:2,(anonymous_1)
FNDA:2,(anonymous_2)
FNDA:4,(anonymous_3)
DA:1,1
DA:2,1
DA:3,1
DA:7,1
DA:8,1
DA:12,2
DA:16,2
DA:18,2
DA:19,1
DA:22,1
DA:26,4
DA:27,4
DA:28,1
DA:31,3
DA:32,3
DA:34,3
DA:35,1
DA:39,2
DA:43,1
LF:19
LH:19
BRDA:18,0,0,1
BRDA:18,0,1,1
BRDA:27,1,0,1
BRDA:27,1,1,3
BRDA:34,2,0,1
BRDA:34,2,1,2
BRDA:34,3,0,3
BRDA:34,3,1,2
BRF:8
BRH:8
end_of_record
TN:
SF:errors/AuthorizationError.js
FN:2,(anonymous_0)
FNF:1
FNH:1
FNDA:2,(anonymous_0)
DA:3,2
DA:4,2
DA:8,2
LF:3
LH:3
BRF:0
BRH:0
end_of_record
TN:
SF:errors/PermissionError.js
FN:4,(anonymous_0)
FNF:1
FNH:1
FNDA:2,(anonymous_0)
DA:1,2
DA:5,2
DA:6,2
DA:10,2
LF:4
LH:4
BRF:0
BRH:0
end_of_record
TN:
SF:errors/QueryError.js
FN:2,(anonymous_0)
FNF:1
FNH:1
FNDA:4,(anonymous_0)
DA:3,4
DA:4,4
DA:8,2
LF:3
LH:3
BRF:0
BRH:0
end_of_record
TN:
SF:middlewares/auth-middlewares.js
FN:4,loginMiddleware
FN:7,(anonymous_1)
FN:16,(anonymous_2)
FN:42,jwtMiddleware
FN:43,(anonymous_4)
FN:59,checkRole
FN:60,(anonymous_6)
FN:71,notLoggedIn
FN:74,(anonymous_8)
FNF:9
FNH:8
FNDA:1,loginMiddleware
FNDA:1,(anonymous_1)
FNDA:0,(anonymous_2)
FNDA:2,jwtMiddleware
FNDA:2,(anonymous_4)
FNDA:2,checkRole
FNDA:2,(anonymous_6)
FNDA:2,notLoggedIn
FNDA:1,(anonymous_8)
DA:1,1
DA:2,1
DA:5,1
DA:8,1
DA:9,1
DA:10,1
DA:13,0
DA:17,0
DA:19,0
DA:24,0
DA:27,0
DA:32,0
DA:36,0
DA:43,2
DA:44,2
DA:45,0
DA:48,2
DA:49,1
DA:53,1
DA:55,1
DA:60,2
DA:61,2
DA:62,2
DA:63,1
DA:65,1
DA:72,2
DA:73,2
DA:74,1
DA:75,1
DA:76,1
DA:81,2
DA:85,1
LF:32
LH:24
BRDA:9,0,0,1
BRDA:9,0,1,0
BRDA:17,1,0,0
BRDA:17,1,1,0
BRDA:44,2,0,0
BRDA:44,2,1,2
BRDA:48,3,0,1
BRDA:48,3,1,1
BRDA:61,4,0,2
BRDA:61,4,1,0
BRDA:62,5,0,1
BRDA:62,5,1,1
BRDA:73,6,0,1
BRDA:73,6,1,1
BRDA:75,7,0,1
BRDA:75,7,1,0
BRF:16
BRH:10
end_of_record
TN:
SF:middlewares/match-validator.js
FN:4,getValidations
FN:37,matchValidate
FNF:2
FNH:2
FNDA:3,getValidations
FNDA:3,matchValidate
DA:1,1
DA:2,1
DA:5,3
DA:7,1
DA:22,2
DA:38,3
DA:39,3
DA:42,1
LF:8
LH:8
BRDA:5,0,0,1
BRDA:5,0,1,2
BRF:2
BRH:2
end_of_record
TN:
SF:middlewares/user-validator.js
FN:4,getValidations
FN:77,userValidate
FNF:2
FNH:2
FNDA:3,getValidations
FNDA:3,userValidate
DA:1,1
DA:2,1
DA:5,3
DA:7,1
DA:22,1
DA:55,1
DA:78,3
DA:79,3
DA:81,1
LF:9
LH:9
BRDA:5,0,0,1
BRDA:5,0,1,1
BRDA:5,0,2,1
BRF:3
BRH:3
end_of_record
